// 重构日志: 8b0c169b
// 重构日志: 2ffaf0e0
// 重构日志: 791a8ebe
// 同步 ID: 2a784df0 @ Wed Jul 15 14:50:10 UTC 2026
// 重构日志: 9595ea9a
// 重构日志: e890cddd
// 同步 ID: e558ffce @ Fri Jul 17 18:03:41 UTC 2026
// 重构日志: ae9bdecc
// 重构日志: fc025b3a
// 重构日志: 4aeffbaa
// 重构日志: b4df2ca0
// 同步 ID: ebe9fe8c @ Sat Jul 18 12:17:54 UTC 2026
// 重构日志: af33a2b8
// 同步 ID: a73835c1 @ Sat Jul 18 18:08:47 UTC 2026
// 重构日志: 01a51597
// 重构日志: f85c1ae9
// 同步 ID: 6f15885c @ Sun Jul 19 03:49:45 UTC 2026
// 重构日志: 819ba99c
// 重构日志: 78d9940f
// 重构日志: c3fe3db5
// 重构日志: 0b3c23d9
// 重构日志: cbd1c15c
// 重构日志: d8d43afd
// 重构日志: 1f25eab7
// 重构日志: 36aadacd
// 同步 ID: 2f85a051 @ Wed Jul 22 00:57:58 UTC 2026
// 同步 ID: 149138d2 @ Wed Jul 22 14:25:28 UTC 2026
// 同步 ID: 6b7eda2a @ Thu Jul 23 11:29:30 UTC 2026
// 同步 ID: 8c95aae6 @ Fri Jul 24 00:57:01 UTC 2026
// 同步 ID: c0cefe7b @ Fri Jul 24 09:52:40 UTC 2026
